2015-03-16 13:16:38,657 - ResourceManager : found velocity/order2.vm with loader org.apache.velocity.runtime.resource.loader.ClasspathResourceLoader
2015-03-16 13:16:38,668 - Null reference [template 'velocity/order2.vm', line 6, column 5] : ${t_rowjqm.jlid} cannot be resolved.
2015-03-16 13:16:38,668 - Null reference [template 'velocity/order2.vm', line 7, column 5] : ${rowjqmmxs.size()} cannot be resolved.
2015-03-16 18:03:18,966 - Log4JLogChute initialized using file 'velocity.log'
2015-03-16 18:03:18,967 - Initializing Velocity, Calling init()...
2015-03-16 18:03:18,967 - Starting Apache Velocity v1.7 (compiled: 2010-11-19 12:14:37)
2015-03-16 18:03:18,967 - Default Properties File: org\apache\velocity\runtime\defaults\velocity.properties
2015-03-16 18:03:18,967 - Trying to use logger class org.apache.velocity.runtime.log.AvalonLogChute
2015-03-16 18:03:18,967 - Target log system for org.apache.velocity.runtime.log.AvalonLogChute is not available (java.lang.NoClassDefFoundError: org/apache/log/format/Formatter).  Falling back to next log system...
2015-03-16 18:03:18,967 - Trying to use logger class org.apache.velocity.runtime.log.Log4JLogChute
2015-03-16 18:03:18,967 - Using logger class org.apache.velocity.runtime.log.Log4JLogChute
2015-03-16 18:03:18,969 - ResourceLoader instantiated: org.apache.velocity.runtime.resource.loader.ClasspathResourceLoader
2015-03-16 18:03:18,978 - ResourceCache: initialized (class org.apache.velocity.runtime.resource.ResourceCacheImpl) with class java.util.Collections$SynchronizedMap cache map.
2015-03-16 18:03:18,979 - Loaded System Directive: org.apache.velocity.runtime.directive.Stop
2015-03-16 18:03:18,980 - Loaded System Directive: org.apache.velocity.runtime.directive.Define
2015-03-16 18:03:18,980 - Loaded System Directive: org.apache.velocity.runtime.directive.Break
2015-03-16 18:03:18,981 - Loaded System Directive: org.apache.velocity.runtime.directive.Evaluate
2015-03-16 18:03:18,981 - Loaded System Directive: org.apache.velocity.runtime.directive.Literal
2015-03-16 18:03:18,982 - Loaded System Directive: org.apache.velocity.runtime.directive.Macro
2015-03-16 18:03:18,983 - Loaded System Directive: org.apache.velocity.runtime.directive.Parse
2015-03-16 18:03:18,984 - Loaded System Directive: org.apache.velocity.runtime.directive.Include
2015-03-16 18:03:18,985 - Loaded System Directive: org.apache.velocity.runtime.directive.Foreach
2015-03-16 18:03:19,006 - Created '20' parsers.
2015-03-16 18:03:19,011 - Velocimacro : "velocimacro.library" is not set.  Trying default library: VM_global_library.vm
2015-03-16 18:03:19,011 - Could not load resource 'VM_global_library.vm' from ResourceLoader org.apache.velocity.runtime.resource.loader.ClasspathResourceLoader: ClasspathResourceLoader Error: cannot find resource VM_global_library.vm
2015-03-16 18:03:19,011 - Velocimacro : Default library not found.
2015-03-16 18:03:19,011 - Velocimacro : allowInline = true : VMs can be defined inline in templates
2015-03-16 18:03:19,011 - Velocimacro : allowInlineToOverride = false : VMs defined inline may NOT replace previous VM definitions
2015-03-16 18:03:19,011 - Velocimacro : allowInlineLocal = false : VMs defined inline will be global in scope if allowed.
2015-03-16 18:03:19,011 - Velocimacro : autoload off : VM system will not automatically reload global library macros
2015-03-16 18:03:19,024 - ResourceManager : found velocity/order2.vm with loader org.apache.velocity.runtime.resource.loader.ClasspathResourceLoader
2015-03-16 18:03:19,040 - Null reference [template 'velocity/order2.vm', line 7, column 5] : ${rowjqmmxs.size()} cannot be resolved.
2015-03-16 18:04:03,424 - Log4JLogChute initialized using file 'velocity.log'
2015-03-16 18:04:03,424 - Initializing Velocity, Calling init()...
2015-03-16 18:04:03,424 - Starting Apache Velocity v1.7 (compiled: 2010-11-19 12:14:37)
2015-03-16 18:04:03,424 - Default Properties File: org\apache\velocity\runtime\defaults\velocity.properties
2015-03-16 18:04:03,424 - Trying to use logger class org.apache.velocity.runtime.log.AvalonLogChute
2015-03-16 18:04:03,424 - Target log system for org.apache.velocity.runtime.log.AvalonLogChute is not available (java.lang.NoClassDefFoundError: org/apache/log/format/Formatter).  Falling back to next log system...
2015-03-16 18:04:03,424 - Trying to use logger class org.apache.velocity.runtime.log.Log4JLogChute
2015-03-16 18:04:03,424 - Using logger class org.apache.velocity.runtime.log.Log4JLogChute
2015-03-16 18:04:03,427 - ResourceLoader instantiated: org.apache.velocity.runtime.resource.loader.ClasspathResourceLoader
2015-03-16 18:04:03,435 - ResourceCache: initialized (class org.apache.velocity.runtime.resource.ResourceCacheImpl) with class java.util.Collections$SynchronizedMap cache map.
2015-03-16 18:04:03,436 - Loaded System Directive: org.apache.velocity.runtime.directive.Stop
2015-03-16 18:04:03,437 - Loaded System Directive: org.apache.velocity.runtime.directive.Define
2015-03-16 18:04:03,438 - Loaded System Directive: org.apache.velocity.runtime.directive.Break
2015-03-16 18:04:03,438 - Loaded System Directive: org.apache.velocity.runtime.directive.Evaluate
2015-03-16 18:04:03,439 - Loaded System Directive: org.apache.velocity.runtime.directive.Literal
2015-03-16 18:04:03,440 - Loaded System Directive: org.apache.velocity.runtime.directive.Macro
2015-03-16 18:04:03,441 - Loaded System Directive: org.apache.velocity.runtime.directive.Parse
2015-03-16 18:04:03,441 - Loaded System Directive: org.apache.velocity.runtime.directive.Include
2015-03-16 18:04:03,442 - Loaded System Directive: org.apache.velocity.runtime.directive.Foreach
2015-03-16 18:04:03,463 - Created '20' parsers.
2015-03-16 18:04:03,468 - Velocimacro : "velocimacro.library" is not set.  Trying default library: VM_global_library.vm
2015-03-16 18:04:03,469 - Could not load resource 'VM_global_library.vm' from ResourceLoader org.apache.velocity.runtime.resource.loader.ClasspathResourceLoader: ClasspathResourceLoader Error: cannot find resource VM_global_library.vm
2015-03-16 18:04:03,469 - Velocimacro : Default library not found.
2015-03-16 18:04:03,469 - Velocimacro : allowInline = true : VMs can be defined inline in templates
2015-03-16 18:04:03,469 - Velocimacro : allowInlineToOverride = false : VMs defined inline may NOT replace previous VM definitions
2015-03-16 18:04:03,469 - Velocimacro : allowInlineLocal = false : VMs defined inline will be global in scope if allowed.
2015-03-16 18:04:03,469 - Velocimacro : autoload off : VM system will not automatically reload global library macros
2015-03-16 18:04:03,480 - ResourceManager : found velocity/order2.vm with loader org.apache.velocity.runtime.resource.loader.ClasspathResourceLoader
2015-03-16 18:04:25,918 - Log4JLogChute initialized using file 'velocity.log'
2015-03-16 18:04:25,919 - Initializing Velocity, Calling init()...
2015-03-16 18:04:25,919 - Starting Apache Velocity v1.7 (compiled: 2010-11-19 12:14:37)
2015-03-16 18:04:25,919 - Default Properties File: org\apache\velocity\runtime\defaults\velocity.properties
2015-03-16 18:04:25,919 - Trying to use logger class org.apache.velocity.runtime.log.AvalonLogChute
2015-03-16 18:04:25,919 - Target log system for org.apache.velocity.runtime.log.AvalonLogChute is not available (java.lang.NoClassDefFoundError: org/apache/log/format/Formatter).  Falling back to next log system...
2015-03-16 18:04:25,919 - Trying to use logger class org.apache.velocity.runtime.log.Log4JLogChute
2015-03-16 18:04:25,919 - Using logger class org.apache.velocity.runtime.log.Log4JLogChute
2015-03-16 18:04:25,921 - ResourceLoader instantiated: org.apache.velocity.runtime.resource.loader.ClasspathResourceLoader
2015-03-16 18:04:25,930 - ResourceCache: initialized (class org.apache.velocity.runtime.resource.ResourceCacheImpl) with class java.util.Collections$SynchronizedMap cache map.
2015-03-16 18:04:25,931 - Loaded System Directive: org.apache.velocity.runtime.directive.Stop
2015-03-16 18:04:25,932 - Loaded System Directive: org.apache.velocity.runtime.directive.Define
2015-03-16 18:04:25,933 - Loaded System Directive: org.apache.velocity.runtime.directive.Break
2015-03-16 18:04:25,933 - Loaded System Directive: org.apache.velocity.runtime.directive.Evaluate
2015-03-16 18:04:25,934 - Loaded System Directive: org.apache.velocity.runtime.directive.Literal
2015-03-16 18:04:25,934 - Loaded System Directive: org.apache.velocity.runtime.directive.Macro
2015-03-16 18:04:25,935 - Loaded System Directive: org.apache.velocity.runtime.directive.Parse
2015-03-16 18:04:25,936 - Loaded System Directive: org.apache.velocity.runtime.directive.Include
2015-03-16 18:04:25,937 - Loaded System Directive: org.apache.velocity.runtime.directive.Foreach
2015-03-16 18:04:25,959 - Created '20' parsers.
2015-03-16 18:04:25,964 - Velocimacro : "velocimacro.library" is not set.  Trying default library: VM_global_library.vm
2015-03-16 18:04:25,964 - Could not load resource 'VM_global_library.vm' from ResourceLoader org.apache.velocity.runtime.resource.loader.ClasspathResourceLoader: ClasspathResourceLoader Error: cannot find resource VM_global_library.vm
2015-03-16 18:04:25,964 - Velocimacro : Default library not found.
2015-03-16 18:04:25,964 - Velocimacro : allowInline = true : VMs can be defined inline in templates
2015-03-16 18:04:25,964 - Velocimacro : allowInlineToOverride = false : VMs defined inline may NOT replace previous VM definitions
2015-03-16 18:04:25,964 - Velocimacro : allowInlineLocal = false : VMs defined inline will be global in scope if allowed.
2015-03-16 18:04:25,964 - Velocimacro : autoload off : VM system will not automatically reload global library macros
2015-03-16 18:04:25,975 - ResourceManager : found velocity/order2.vm with loader org.apache.velocity.runtime.resource.loader.ClasspathResourceLoader
2015-03-16 18:05:25,282 - Log4JLogChute initialized using file 'velocity.log'
2015-03-16 18:05:25,282 - Initializing Velocity, Calling init()...
2015-03-16 18:05:25,282 - Starting Apache Velocity v1.7 (compiled: 2010-11-19 12:14:37)
2015-03-16 18:05:25,282 - Default Properties File: org\apache\velocity\runtime\defaults\velocity.properties
2015-03-16 18:05:25,282 - Trying to use logger class org.apache.velocity.runtime.log.AvalonLogChute
2015-03-16 18:05:25,282 - Target log system for org.apache.velocity.runtime.log.AvalonLogChute is not available (java.lang.NoClassDefFoundError: org/apache/log/format/Formatter).  Falling back to next log system...
2015-03-16 18:05:25,282 - Trying to use logger class org.apache.velocity.runtime.log.Log4JLogChute
2015-03-16 18:05:25,282 - Using logger class org.apache.velocity.runtime.log.Log4JLogChute
2015-03-16 18:05:25,285 - ResourceLoader instantiated: org.apache.velocity.runtime.resource.loader.ClasspathResourceLoader
2015-03-16 18:05:25,293 - ResourceCache: initialized (class org.apache.velocity.runtime.resource.ResourceCacheImpl) with class java.util.Collections$SynchronizedMap cache map.
2015-03-16 18:05:25,294 - Loaded System Directive: org.apache.velocity.runtime.directive.Stop
2015-03-16 18:05:25,295 - Loaded System Directive: org.apache.velocity.runtime.directive.Define
2015-03-16 18:05:25,296 - Loaded System Directive: org.apache.velocity.runtime.directive.Break
2015-03-16 18:05:25,296 - Loaded System Directive: org.apache.velocity.runtime.directive.Evaluate
2015-03-16 18:05:25,297 - Loaded System Directive: org.apache.velocity.runtime.directive.Literal
2015-03-16 18:05:25,298 - Loaded System Directive: org.apache.velocity.runtime.directive.Macro
2015-03-16 18:05:25,299 - Loaded System Directive: org.apache.velocity.runtime.directive.Parse
2015-03-16 18:05:25,299 - Loaded System Directive: org.apache.velocity.runtime.directive.Include
2015-03-16 18:05:25,300 - Loaded System Directive: org.apache.velocity.runtime.directive.Foreach
2015-03-16 18:05:25,321 - Created '20' parsers.
2015-03-16 18:05:25,326 - Velocimacro : "velocimacro.library" is not set.  Trying default library: VM_global_library.vm
2015-03-16 18:05:25,326 - Could not load resource 'VM_global_library.vm' from ResourceLoader org.apache.velocity.runtime.resource.loader.ClasspathResourceLoader: ClasspathResourceLoader Error: cannot find resource VM_global_library.vm
2015-03-16 18:05:25,326 - Velocimacro : Default library not found.
2015-03-16 18:05:25,326 - Velocimacro : allowInline = true : VMs can be defined inline in templates
2015-03-16 18:05:25,327 - Velocimacro : allowInlineToOverride = false : VMs defined inline may NOT replace previous VM definitions
2015-03-16 18:05:25,327 - Velocimacro : allowInlineLocal = false : VMs defined inline will be global in scope if allowed.
2015-03-16 18:05:25,327 - Velocimacro : autoload off : VM system will not automatically reload global library macros
2015-03-16 18:05:25,338 - ResourceManager : found velocity/order2.vm with loader org.apache.velocity.runtime.resource.loader.ClasspathResourceLoader
2015-03-16 18:05:25,348 - Null reference [template 'velocity/order2.vm', line 6, column 5] : ${rowjqmmxs.size()} cannot be resolved.
2015-03-16 18:05:25,349 - Null reference [template 'velocity/order2.vm', line 6, column 5] : ${rowjqmmxs.size()} cannot be resolved.
2015-03-16 18:05:37,896 - Log4JLogChute initialized using file 'velocity.log'
2015-03-16 18:05:37,896 - Initializing Velocity, Calling init()...
2015-03-16 18:05:37,896 - Starting Apache Velocity v1.7 (compiled: 2010-11-19 12:14:37)
2015-03-16 18:05:37,896 - Default Properties File: org\apache\velocity\runtime\defaults\velocity.properties
2015-03-16 18:05:37,897 - Trying to use logger class org.apache.velocity.runtime.log.AvalonLogChute
2015-03-16 18:05:37,897 - Target log system for org.apache.velocity.runtime.log.AvalonLogChute is not available (java.lang.NoClassDefFoundError: org/apache/log/format/Formatter).  Falling back to next log system...
2015-03-16 18:05:37,897 - Trying to use logger class org.apache.velocity.runtime.log.Log4JLogChute
2015-03-16 18:05:37,897 - Using logger class org.apache.velocity.runtime.log.Log4JLogChute
2015-03-16 18:05:37,899 - ResourceLoader instantiated: org.apache.velocity.runtime.resource.loader.ClasspathResourceLoader
2015-03-16 18:05:37,907 - ResourceCache: initialized (class org.apache.velocity.runtime.resource.ResourceCacheImpl) with class java.util.Collections$SynchronizedMap cache map.
2015-03-16 18:05:37,909 - Loaded System Directive: org.apache.velocity.runtime.directive.Stop
2015-03-16 18:05:37,910 - Loaded System Directive: org.apache.velocity.runtime.directive.Define
2015-03-16 18:05:37,910 - Loaded System Directive: org.apache.velocity.runtime.directive.Break
2015-03-16 18:05:37,911 - Loaded System Directive: org.apache.velocity.runtime.directive.Evaluate
2015-03-16 18:05:37,911 - Loaded System Directive: org.apache.velocity.runtime.directive.Literal
2015-03-16 18:05:37,912 - Loaded System Directive: org.apache.velocity.runtime.directive.Macro
2015-03-16 18:05:37,913 - Loaded System Directive: org.apache.velocity.runtime.directive.Parse
2015-03-16 18:05:37,914 - Loaded System Directive: org.apache.velocity.runtime.directive.Include
2015-03-16 18:05:37,915 - Loaded System Directive: org.apache.velocity.runtime.directive.Foreach
2015-03-16 18:05:37,935 - Created '20' parsers.
2015-03-16 18:05:37,940 - Velocimacro : "velocimacro.library" is not set.  Trying default library: VM_global_library.vm
2015-03-16 18:05:37,941 - Could not load resource 'VM_global_library.vm' from ResourceLoader org.apache.velocity.runtime.resource.loader.ClasspathResourceLoader: ClasspathResourceLoader Error: cannot find resource VM_global_library.vm
2015-03-16 18:05:37,941 - Velocimacro : Default library not found.
2015-03-16 18:05:37,941 - Velocimacro : allowInline = true : VMs can be defined inline in templates
2015-03-16 18:05:37,941 - Velocimacro : allowInlineToOverride = false : VMs defined inline may NOT replace previous VM definitions
2015-03-16 18:05:37,941 - Velocimacro : allowInlineLocal = false : VMs defined inline will be global in scope if allowed.
2015-03-16 18:05:37,941 - Velocimacro : autoload off : VM system will not automatically reload global library macros
2015-03-16 18:05:37,952 - ResourceManager : found velocity/order2.vm with loader org.apache.velocity.runtime.resource.loader.ClasspathResourceLoader
2015-03-16 18:05:37,963 - Null reference [template 'velocity/order2.vm', line 6, column 5] : ${rowjqm.size()} cannot be resolved.
2015-03-16 18:05:37,963 - Null reference [template 'velocity/order2.vm', line 6, column 5] : ${rowjqm.size()} cannot be resolved.
2015-03-16 18:05:59,350 - Log4JLogChute initialized using file 'velocity.log'
2015-03-16 18:05:59,350 - Initializing Velocity, Calling init()...
2015-03-16 18:05:59,351 - Starting Apache Velocity v1.7 (compiled: 2010-11-19 12:14:37)
2015-03-16 18:05:59,351 - Default Properties File: org\apache\velocity\runtime\defaults\velocity.properties
2015-03-16 18:05:59,351 - Trying to use logger class org.apache.velocity.runtime.log.AvalonLogChute
2015-03-16 18:05:59,351 - Target log system for org.apache.velocity.runtime.log.AvalonLogChute is not available (java.lang.NoClassDefFoundError: org/apache/log/format/Formatter).  Falling back to next log system...
2015-03-16 18:05:59,351 - Trying to use logger class org.apache.velocity.runtime.log.Log4JLogChute
2015-03-16 18:05:59,351 - Using logger class org.apache.velocity.runtime.log.Log4JLogChute
2015-03-16 18:05:59,353 - ResourceLoader instantiated: org.apache.velocity.runtime.resource.loader.ClasspathResourceLoader
2015-03-16 18:05:59,361 - ResourceCache: initialized (class org.apache.velocity.runtime.resource.ResourceCacheImpl) with class java.util.Collections$SynchronizedMap cache map.
2015-03-16 18:05:59,362 - Loaded System Directive: org.apache.velocity.runtime.directive.Stop
2015-03-16 18:05:59,363 - Loaded System Directive: org.apache.velocity.runtime.directive.Define
2015-03-16 18:05:59,364 - Loaded System Directive: org.apache.velocity.runtime.directive.Break
2015-03-16 18:05:59,364 - Loaded System Directive: org.apache.velocity.runtime.directive.Evaluate
2015-03-16 18:05:59,365 - Loaded System Directive: org.apache.velocity.runtime.directive.Literal
2015-03-16 18:05:59,366 - Loaded System Directive: org.apache.velocity.runtime.directive.Macro
2015-03-16 18:05:59,367 - Loaded System Directive: org.apache.velocity.runtime.directive.Parse
2015-03-16 18:05:59,368 - Loaded System Directive: org.apache.velocity.runtime.directive.Include
2015-03-16 18:05:59,368 - Loaded System Directive: org.apache.velocity.runtime.directive.Foreach
2015-03-16 18:05:59,390 - Created '20' parsers.
2015-03-16 18:05:59,395 - Velocimacro : "velocimacro.library" is not set.  Trying default library: VM_global_library.vm
2015-03-16 18:05:59,395 - Could not load resource 'VM_global_library.vm' from ResourceLoader org.apache.velocity.runtime.resource.loader.ClasspathResourceLoader: ClasspathResourceLoader Error: cannot find resource VM_global_library.vm
2015-03-16 18:05:59,395 - Velocimacro : Default library not found.
2015-03-16 18:05:59,395 - Velocimacro : allowInline = true : VMs can be defined inline in templates
2015-03-16 18:05:59,395 - Velocimacro : allowInlineToOverride = false : VMs defined inline may NOT replace previous VM definitions
2015-03-16 18:05:59,395 - Velocimacro : allowInlineLocal = false : VMs defined inline will be global in scope if allowed.
2015-03-16 18:05:59,395 - Velocimacro : autoload off : VM system will not automatically reload global library macros
2015-03-16 18:05:59,406 - ResourceManager : found velocity/order2.vm with loader org.apache.velocity.runtime.resource.loader.ClasspathResourceLoader
2015-03-16 18:06:09,929 - Log4JLogChute initialized using file 'velocity.log'
2015-03-16 18:06:09,930 - Initializing Velocity, Calling init()...
2015-03-16 18:06:09,930 - Starting Apache Velocity v1.7 (compiled: 2010-11-19 12:14:37)
2015-03-16 18:06:09,930 - Default Properties File: org\apache\velocity\runtime\defaults\velocity.properties
2015-03-16 18:06:09,930 - Trying to use logger class org.apache.velocity.runtime.log.AvalonLogChute
2015-03-16 18:06:09,930 - Target log system for org.apache.velocity.runtime.log.AvalonLogChute is not available (java.lang.NoClassDefFoundError: org/apache/log/format/Formatter).  Falling back to next log system...
2015-03-16 18:06:09,930 - Trying to use logger class org.apache.velocity.runtime.log.Log4JLogChute
2015-03-16 18:06:09,930 - Using logger class org.apache.velocity.runtime.log.Log4JLogChute
2015-03-16 18:06:09,932 - ResourceLoader instantiated: org.apache.velocity.runtime.resource.loader.ClasspathResourceLoader
2015-03-16 18:06:09,941 - ResourceCache: initialized (class org.apache.velocity.runtime.resource.ResourceCacheImpl) with class java.util.Collections$SynchronizedMap cache map.
2015-03-16 18:06:09,942 - Loaded System Directive: org.apache.velocity.runtime.directive.Stop
2015-03-16 18:06:09,943 - Loaded System Directive: org.apache.velocity.runtime.directive.Define
2015-03-16 18:06:09,943 - Loaded System Directive: org.apache.velocity.runtime.directive.Break
2015-03-16 18:06:09,944 - Loaded System Directive: org.apache.velocity.runtime.directive.Evaluate
2015-03-16 18:06:09,944 - Loaded System Directive: org.apache.velocity.runtime.directive.Literal
2015-03-16 18:06:09,945 - Loaded System Directive: org.apache.velocity.runtime.directive.Macro
2015-03-16 18:06:09,946 - Loaded System Directive: org.apache.velocity.runtime.directive.Parse
2015-03-16 18:06:09,947 - Loaded System Directive: org.apache.velocity.runtime.directive.Include
2015-03-16 18:06:09,948 - Loaded System Directive: org.apache.velocity.runtime.directive.Foreach
2015-03-16 18:06:09,969 - Created '20' parsers.
2015-03-16 18:06:09,974 - Velocimacro : "velocimacro.library" is not set.  Trying default library: VM_global_library.vm
2015-03-16 18:06:09,974 - Could not load resource 'VM_global_library.vm' from ResourceLoader org.apache.velocity.runtime.resource.loader.ClasspathResourceLoader: ClasspathResourceLoader Error: cannot find resource VM_global_library.vm
2015-03-16 18:06:09,974 - Velocimacro : Default library not found.
2015-03-16 18:06:09,974 - Velocimacro : allowInline = true : VMs can be defined inline in templates
2015-03-16 18:06:09,974 - Velocimacro : allowInlineToOverride = false : VMs defined inline may NOT replace previous VM definitions
2015-03-16 18:06:09,974 - Velocimacro : allowInlineLocal = false : VMs defined inline will be global in scope if allowed.
2015-03-16 18:06:09,974 - Velocimacro : autoload off : VM system will not automatically reload global library macros
2015-03-16 18:06:09,985 - ResourceManager : found velocity/order2.vm with loader org.apache.velocity.runtime.resource.loader.ClasspathResourceLoader
2015-03-16 18:06:38,037 - Log4JLogChute initialized using file 'velocity.log'
2015-03-16 18:06:38,038 - Initializing Velocity, Calling init()...
2015-03-16 18:06:38,038 - Starting Apache Velocity v1.7 (compiled: 2010-11-19 12:14:37)
2015-03-16 18:06:38,038 - Default Properties File: org\apache\velocity\runtime\defaults\velocity.properties
2015-03-16 18:06:38,038 - Trying to use logger class org.apache.velocity.runtime.log.AvalonLogChute
2015-03-16 18:06:38,038 - Target log system for org.apache.velocity.runtime.log.AvalonLogChute is not available (java.lang.NoClassDefFoundError: org/apache/log/format/Formatter).  Falling back to next log system...
2015-03-16 18:06:38,038 - Trying to use logger class org.apache.velocity.runtime.log.Log4JLogChute
2015-03-16 18:06:38,038 - Using logger class org.apache.velocity.runtime.log.Log4JLogChute
2015-03-16 18:06:38,040 - ResourceLoader instantiated: org.apache.velocity.runtime.resource.loader.ClasspathResourceLoader
2015-03-16 18:06:38,049 - ResourceCache: initialized (class org.apache.velocity.runtime.resource.ResourceCacheImpl) with class java.util.Collections$SynchronizedMap cache map.
2015-03-16 18:06:38,050 - Loaded System Directive: org.apache.velocity.runtime.directive.Stop
2015-03-16 18:06:38,051 - Loaded System Directive: org.apache.velocity.runtime.directive.Define
2015-03-16 18:06:38,051 - Loaded System Directive: org.apache.velocity.runtime.directive.Break
2015-03-16 18:06:38,052 - Loaded System Directive: org.apache.velocity.runtime.directive.Evaluate
2015-03-16 18:06:38,052 - Loaded System Directive: org.apache.velocity.runtime.directive.Literal
2015-03-16 18:06:38,053 - Loaded System Directive: org.apache.velocity.runtime.directive.Macro
2015-03-16 18:06:38,054 - Loaded System Directive: org.apache.velocity.runtime.directive.Parse
2015-03-16 18:06:38,055 - Loaded System Directive: org.apache.velocity.runtime.directive.Include
2015-03-16 18:06:38,056 - Loaded System Directive: org.apache.velocity.runtime.directive.Foreach
2015-03-16 18:06:38,077 - Created '20' parsers.
2015-03-16 18:06:38,082 - Velocimacro : "velocimacro.library" is not set.  Trying default library: VM_global_library.vm
2015-03-16 18:06:38,082 - Could not load resource 'VM_global_library.vm' from ResourceLoader org.apache.velocity.runtime.resource.loader.ClasspathResourceLoader: ClasspathResourceLoader Error: cannot find resource VM_global_library.vm
2015-03-16 18:06:38,083 - Velocimacro : Default library not found.
2015-03-16 18:06:38,083 - Velocimacro : allowInline = true : VMs can be defined inline in templates
2015-03-16 18:06:38,083 - Velocimacro : allowInlineToOverride = false : VMs defined inline may NOT replace previous VM definitions
2015-03-16 18:06:38,083 - Velocimacro : allowInlineLocal = false : VMs defined inline will be global in scope if allowed.
2015-03-16 18:06:38,083 - Velocimacro : autoload off : VM system will not automatically reload global library macros
2015-03-16 18:06:38,093 - ResourceManager : found velocity/order2.vm with loader org.apache.velocity.runtime.resource.loader.ClasspathResourceLoader
2015-03-16 18:33:21,167 - Log4JLogChute initialized using file 'velocity.log'
2015-03-16 18:33:21,168 - Initializing Velocity, Calling init()...
2015-03-16 18:33:21,168 - Starting Apache Velocity v1.7 (compiled: 2010-11-19 12:14:37)
2015-03-16 18:33:21,168 - Default Properties File: org\apache\velocity\runtime\defaults\velocity.properties
2015-03-16 18:33:21,168 - Trying to use logger class org.apache.velocity.runtime.log.AvalonLogChute
2015-03-16 18:33:21,168 - Target log system for org.apache.velocity.runtime.log.AvalonLogChute is not available (java.lang.NoClassDefFoundError: org/apache/log/format/Formatter).  Falling back to next log system...
2015-03-16 18:33:21,168 - Trying to use logger class org.apache.velocity.runtime.log.Log4JLogChute
2015-03-16 18:33:21,168 - Using logger class org.apache.velocity.runtime.log.Log4JLogChute
2015-03-16 18:33:21,170 - ResourceLoader instantiated: org.apache.velocity.runtime.resource.loader.ClasspathResourceLoader
2015-03-16 18:33:21,179 - ResourceCache: initialized (class org.apache.velocity.runtime.resource.ResourceCacheImpl) with class java.util.Collections$SynchronizedMap cache map.
2015-03-16 18:33:21,180 - Loaded System Directive: org.apache.velocity.runtime.directive.Stop
2015-03-16 18:33:21,181 - Loaded System Directive: org.apache.velocity.runtime.directive.Define
2015-03-16 18:33:21,181 - Loaded System Directive: org.apache.velocity.runtime.directive.Break
2015-03-16 18:33:21,182 - Loaded System Directive: org.apache.velocity.runtime.directive.Evaluate
2015-03-16 18:33:21,182 - Loaded System Directive: org.apache.velocity.runtime.directive.Literal
2015-03-16 18:33:21,183 - Loaded System Directive: org.apache.velocity.runtime.directive.Macro
2015-03-16 18:33:21,184 - Loaded System Directive: org.apache.velocity.runtime.directive.Parse
2015-03-16 18:33:21,185 - Loaded System Directive: org.apache.velocity.runtime.directive.Include
2015-03-16 18:33:21,186 - Loaded System Directive: org.apache.velocity.runtime.directive.Foreach
2015-03-16 18:33:21,206 - Created '20' parsers.
2015-03-16 18:33:21,211 - Velocimacro : "velocimacro.library" is not set.  Trying default library: VM_global_library.vm
2015-03-16 18:33:21,212 - Could not load resource 'VM_global_library.vm' from ResourceLoader org.apache.velocity.runtime.resource.loader.ClasspathResourceLoader: ClasspathResourceLoader Error: cannot find resource VM_global_library.vm
2015-03-16 18:33:21,212 - Velocimacro : Default library not found.
2015-03-16 18:33:21,212 - Velocimacro : allowInline = true : VMs can be defined inline in templates
2015-03-16 18:33:21,212 - Velocimacro : allowInlineToOverride = false : VMs defined inline may NOT replace previous VM definitions
2015-03-16 18:33:21,212 - Velocimacro : allowInlineLocal = false : VMs defined inline will be global in scope if allowed.
2015-03-16 18:33:21,212 - Velocimacro : autoload off : VM system will not automatically reload global library macros
2015-03-16 18:33:21,213 - ResourceManager : unable to find resource 'velocity/order2.vm' in any resource loader.
2015-03-16 18:33:32,832 - Log4JLogChute initialized using file 'velocity.log'
2015-03-16 18:33:32,832 - Initializing Velocity, Calling init()...
2015-03-16 18:33:32,832 - Starting Apache Velocity v1.7 (compiled: 2010-11-19 12:14:37)
2015-03-16 18:33:32,832 - Default Properties File: org\apache\velocity\runtime\defaults\velocity.properties
2015-03-16 18:33:32,832 - Trying to use logger class org.apache.velocity.runtime.log.AvalonLogChute
2015-03-16 18:33:32,832 - Target log system for org.apache.velocity.runtime.log.AvalonLogChute is not available (java.lang.NoClassDefFoundError: org/apache/log/format/Formatter).  Falling back to next log system...
2015-03-16 18:33:32,832 - Trying to use logger class org.apache.velocity.runtime.log.Log4JLogChute
2015-03-16 18:33:32,832 - Using logger class org.apache.velocity.runtime.log.Log4JLogChute
2015-03-16 18:33:32,834 - ResourceLoader instantiated: org.apache.velocity.runtime.resource.loader.ClasspathResourceLoader
2015-03-16 18:33:32,843 - ResourceCache: initialized (class org.apache.velocity.runtime.resource.ResourceCacheImpl) with class java.util.Collections$SynchronizedMap cache map.
2015-03-16 18:33:32,844 - Loaded System Directive: org.apache.velocity.runtime.directive.Stop
2015-03-16 18:33:32,845 - Loaded System Directive: org.apache.velocity.runtime.directive.Define
2015-03-16 18:33:32,845 - Loaded System Directive: org.apache.velocity.runtime.directive.Break
2015-03-16 18:33:32,846 - Loaded System Directive: org.apache.velocity.runtime.directive.Evaluate
2015-03-16 18:33:32,846 - Loaded System Directive: org.apache.velocity.runtime.directive.Literal
2015-03-16 18:33:32,847 - Loaded System Directive: org.apache.velocity.runtime.directive.Macro
2015-03-16 18:33:32,848 - Loaded System Directive: org.apache.velocity.runtime.directive.Parse
2015-03-16 18:33:32,849 - Loaded System Directive: org.apache.velocity.runtime.directive.Include
2015-03-16 18:33:32,850 - Loaded System Directive: org.apache.velocity.runtime.directive.Foreach
2015-03-16 18:33:32,871 - Created '20' parsers.
2015-03-16 18:33:32,876 - Velocimacro : "velocimacro.library" is not set.  Trying default library: VM_global_library.vm
2015-03-16 18:33:32,876 - Could not load resource 'VM_global_library.vm' from ResourceLoader org.apache.velocity.runtime.resource.loader.ClasspathResourceLoader: ClasspathResourceLoader Error: cannot find resource VM_global_library.vm
2015-03-16 18:33:32,876 - Velocimacro : Default library not found.
2015-03-16 18:33:32,876 - Velocimacro : allowInline = true : VMs can be defined inline in templates
2015-03-16 18:33:32,876 - Velocimacro : allowInlineToOverride = false : VMs defined inline may NOT replace previous VM definitions
2015-03-16 18:33:32,876 - Velocimacro : allowInlineLocal = false : VMs defined inline will be global in scope if allowed.
2015-03-16 18:33:32,876 - Velocimacro : autoload off : VM system will not automatically reload global library macros
2015-03-16 18:33:32,890 - ResourceManager : found velocity/order.vm with loader org.apache.velocity.runtime.resource.loader.ClasspathResourceLoader
2015-03-16 18:33:45,905 - Log4JLogChute initialized using file 'velocity.log'
2015-03-16 18:33:45,905 - Initializing Velocity, Calling init()...
2015-03-16 18:33:45,905 - Starting Apache Velocity v1.7 (compiled: 2010-11-19 12:14:37)
2015-03-16 18:33:45,905 - Default Properties File: org\apache\velocity\runtime\defaults\velocity.properties
2015-03-16 18:33:45,906 - Trying to use logger class org.apache.velocity.runtime.log.AvalonLogChute
2015-03-16 18:33:45,906 - Target log system for org.apache.velocity.runtime.log.AvalonLogChute is not available (java.lang.NoClassDefFoundError: org/apache/log/format/Formatter).  Falling back to next log system...
2015-03-16 18:33:45,906 - Trying to use logger class org.apache.velocity.runtime.log.Log4JLogChute
2015-03-16 18:33:45,906 - Using logger class org.apache.velocity.runtime.log.Log4JLogChute
2015-03-16 18:33:45,908 - ResourceLoader instantiated: org.apache.velocity.runtime.resource.loader.ClasspathResourceLoader
2015-03-16 18:33:45,917 - ResourceCache: initialized (class org.apache.velocity.runtime.resource.ResourceCacheImpl) with class java.util.Collections$SynchronizedMap cache map.
2015-03-16 18:33:45,918 - Loaded System Directive: org.apache.velocity.runtime.directive.Stop
2015-03-16 18:33:45,919 - Loaded System Directive: org.apache.velocity.runtime.directive.Define
2015-03-16 18:33:45,919 - Loaded System Directive: org.apache.velocity.runtime.directive.Break
2015-03-16 18:33:45,920 - Loaded System Directive: org.apache.velocity.runtime.directive.Evaluate
2015-03-16 18:33:45,920 - Loaded System Directive: org.apache.velocity.runtime.directive.Literal
2015-03-16 18:33:45,921 - Loaded System Directive: org.apache.velocity.runtime.directive.Macro
2015-03-16 18:33:45,922 - Loaded System Directive: org.apache.velocity.runtime.directive.Parse
2015-03-16 18:33:45,923 - Loaded System Directive: org.apache.velocity.runtime.directive.Include
2015-03-16 18:33:45,924 - Loaded System Directive: org.apache.velocity.runtime.directive.Foreach
2015-03-16 18:33:45,945 - Created '20' parsers.
2015-03-16 18:33:45,950 - Velocimacro : "velocimacro.library" is not set.  Trying default library: VM_global_library.vm
2015-03-16 18:33:45,950 - Could not load resource 'VM_global_library.vm' from ResourceLoader org.apache.velocity.runtime.resource.loader.ClasspathResourceLoader: ClasspathResourceLoader Error: cannot find resource VM_global_library.vm
2015-03-16 18:33:45,950 - Velocimacro : Default library not found.
2015-03-16 18:33:45,950 - Velocimacro : allowInline = true : VMs can be defined inline in templates
2015-03-16 18:33:45,951 - Velocimacro : allowInlineToOverride = false : VMs defined inline may NOT replace previous VM definitions
2015-03-16 18:33:45,951 - Velocimacro : allowInlineLocal = false : VMs defined inline will be global in scope if allowed.
2015-03-16 18:33:45,951 - Velocimacro : autoload off : VM system will not automatically reload global library macros
2015-03-16 18:33:45,964 - ResourceManager : found velocity/order.vm with loader org.apache.velocity.runtime.resource.loader.ClasspathResourceLoader
2015-03-16 18:42:41,709 - Log4JLogChute initialized using file 'velocity.log'
2015-03-16 18:42:41,709 - Initializing Velocity, Calling init()...
2015-03-16 18:42:41,709 - Starting Apache Velocity v1.7 (compiled: 2010-11-19 12:14:37)
2015-03-16 18:42:41,709 - Default Properties File: org\apache\velocity\runtime\defaults\velocity.properties
2015-03-16 18:42:41,709 - Trying to use logger class org.apache.velocity.runtime.log.AvalonLogChute
2015-03-16 18:42:41,709 - Target log system for org.apache.velocity.runtime.log.AvalonLogChute is not available (java.lang.NoClassDefFoundError: org/apache/log/format/Formatter).  Falling back to next log system...
2015-03-16 18:42:41,709 - Trying to use logger class org.apache.velocity.runtime.log.Log4JLogChute
2015-03-16 18:42:41,709 - Using logger class org.apache.velocity.runtime.log.Log4JLogChute
2015-03-16 18:42:41,711 - ResourceLoader instantiated: org.apache.velocity.runtime.resource.loader.ClasspathResourceLoader
2015-03-16 18:42:41,720 - ResourceCache: initialized (class org.apache.velocity.runtime.resource.ResourceCacheImpl) with class java.util.Collections$SynchronizedMap cache map.
2015-03-16 18:42:41,721 - Loaded System Directive: org.apache.velocity.runtime.directive.Stop
2015-03-16 18:42:41,722 - Loaded System Directive: org.apache.velocity.runtime.directive.Define
2015-03-16 18:42:41,722 - Loaded System Directive: org.apache.velocity.runtime.directive.Break
2015-03-16 18:42:41,723 - Loaded System Directive: org.apache.velocity.runtime.directive.Evaluate
2015-03-16 18:42:41,723 - Loaded System Directive: org.apache.velocity.runtime.directive.Literal
2015-03-16 18:42:41,724 - Loaded System Directive: org.apache.velocity.runtime.directive.Macro
2015-03-16 18:42:41,725 - Loaded System Directive: org.apache.velocity.runtime.directive.Parse
2015-03-16 18:42:41,726 - Loaded System Directive: org.apache.velocity.runtime.directive.Include
2015-03-16 18:42:41,727 - Loaded System Directive: org.apache.velocity.runtime.directive.Foreach
2015-03-16 18:42:41,748 - Created '20' parsers.
2015-03-16 18:42:41,753 - Velocimacro : "velocimacro.library" is not set.  Trying default library: VM_global_library.vm
2015-03-16 18:42:41,754 - Could not load resource 'VM_global_library.vm' from ResourceLoader org.apache.velocity.runtime.resource.loader.ClasspathResourceLoader: ClasspathResourceLoader Error: cannot find resource VM_global_library.vm
2015-03-16 18:42:41,754 - Velocimacro : Default library not found.
2015-03-16 18:42:41,754 - Velocimacro : allowInline = true : VMs can be defined inline in templates
2015-03-16 18:42:41,754 - Velocimacro : allowInlineToOverride = false : VMs defined inline may NOT replace previous VM definitions
2015-03-16 18:42:41,754 - Velocimacro : allowInlineLocal = false : VMs defined inline will be global in scope if allowed.
2015-03-16 18:42:41,754 - Velocimacro : autoload off : VM system will not automatically reload global library macros
2015-03-16 18:42:41,767 - ResourceManager : found velocity/order.vm with loader org.apache.velocity.runtime.resource.loader.ClasspathResourceLoader
2015-03-16 18:43:58,940 - Log4JLogChute initialized using file 'velocity.log'
2015-03-16 18:43:58,940 - Initializing Velocity, Calling init()...
2015-03-16 18:43:58,940 - Starting Apache Velocity v1.7 (compiled: 2010-11-19 12:14:37)
2015-03-16 18:43:58,940 - Default Properties File: org\apache\velocity\runtime\defaults\velocity.properties
2015-03-16 18:43:58,940 - Trying to use logger class org.apache.velocity.runtime.log.AvalonLogChute
2015-03-16 18:43:58,940 - Target log system for org.apache.velocity.runtime.log.AvalonLogChute is not available (java.lang.NoClassDefFoundError: org/apache/log/format/Formatter).  Falling back to next log system...
2015-03-16 18:43:58,940 - Trying to use logger class org.apache.velocity.runtime.log.Log4JLogChute
2015-03-16 18:43:58,940 - Using logger class org.apache.velocity.runtime.log.Log4JLogChute
2015-03-16 18:43:58,942 - ResourceLoader instantiated: org.apache.velocity.runtime.resource.loader.ClasspathResourceLoader
2015-03-16 18:43:58,951 - ResourceCache: initialized (class org.apache.velocity.runtime.resource.ResourceCacheImpl) with class java.util.Collections$SynchronizedMap cache map.
2015-03-16 18:43:58,952 - Loaded System Directive: org.apache.velocity.runtime.directive.Stop
2015-03-16 18:43:58,953 - Loaded System Directive: org.apache.velocity.runtime.directive.Define
2015-03-16 18:43:58,954 - Loaded System Directive: org.apache.velocity.runtime.directive.Break
2015-03-16 18:43:58,954 - Loaded System Directive: org.apache.velocity.runtime.directive.Evaluate
2015-03-16 18:43:58,955 - Loaded System Directive: org.apache.velocity.runtime.directive.Literal
2015-03-16 18:43:58,956 - Loaded System Directive: org.apache.velocity.runtime.directive.Macro
2015-03-16 18:43:58,957 - Loaded System Directive: org.apache.velocity.runtime.directive.Parse
2015-03-16 18:43:58,958 - Loaded System Directive: org.apache.velocity.runtime.directive.Include
2015-03-16 18:43:58,958 - Loaded System Directive: org.apache.velocity.runtime.directive.Foreach
2015-03-16 18:43:58,980 - Created '20' parsers.
2015-03-16 18:43:58,985 - Velocimacro : "velocimacro.library" is not set.  Trying default library: VM_global_library.vm
2015-03-16 18:43:58,985 - Could not load resource 'VM_global_library.vm' from ResourceLoader org.apache.velocity.runtime.resource.loader.ClasspathResourceLoader: ClasspathResourceLoader Error: cannot find resource VM_global_library.vm
2015-03-16 18:43:58,985 - Velocimacro : Default library not found.
2015-03-16 18:43:58,985 - Velocimacro : allowInline = true : VMs can be defined inline in templates
2015-03-16 18:43:58,985 - Velocimacro : allowInlineToOverride = false : VMs defined inline may NOT replace previous VM definitions
2015-03-16 18:43:58,985 - Velocimacro : allowInlineLocal = false : VMs defined inline will be global in scope if allowed.
2015-03-16 18:43:58,985 - Velocimacro : autoload off : VM system will not automatically reload global library macros
2015-03-16 18:43:59,000 - ResourceManager : found velocity/order.vm with loader org.apache.velocity.runtime.resource.loader.ClasspathResourceLoader
2015-03-18 14:10:51,552 - Log4JLogChute initialized using file 'velocity.log'
2015-03-18 14:10:51,553 - Initializing Velocity, Calling init()...
2015-03-18 14:10:51,553 - Starting Apache Velocity v1.7 (compiled: 2010-11-19 12:14:37)
2015-03-18 14:10:51,553 - Default Properties File: org\apache\velocity\runtime\defaults\velocity.properties
2015-03-18 14:10:51,553 - Trying to use logger class org.apache.velocity.runtime.log.AvalonLogChute
2015-03-18 14:10:51,553 - Target log system for org.apache.velocity.runtime.log.AvalonLogChute is not available (java.lang.NoClassDefFoundError: org/apache/log/format/Formatter).  Falling back to next log system...
2015-03-18 14:10:51,553 - Trying to use logger class org.apache.velocity.runtime.log.Log4JLogChute
2015-03-18 14:10:51,553 - Using logger class org.apache.velocity.runtime.log.Log4JLogChute
2015-03-18 14:10:51,555 - ResourceLoader instantiated: org.apache.velocity.runtime.resource.loader.ClasspathResourceLoader
2015-03-18 14:10:51,564 - ResourceCache: initialized (class org.apache.velocity.runtime.resource.ResourceCacheImpl) with class java.util.Collections$SynchronizedMap cache map.
2015-03-18 14:10:51,565 - Loaded System Directive: org.apache.velocity.runtime.directive.Stop
2015-03-18 14:10:51,566 - Loaded System Directive: org.apache.velocity.runtime.directive.Define
2015-03-18 14:10:51,566 - Loaded System Directive: org.apache.velocity.runtime.directive.Break
2015-03-18 14:10:51,567 - Loaded System Directive: org.apache.velocity.runtime.directive.Evaluate
2015-03-18 14:10:51,567 - Loaded System Directive: org.apache.velocity.runtime.directive.Literal
2015-03-18 14:10:51,568 - Loaded System Directive: org.apache.velocity.runtime.directive.Macro
2015-03-18 14:10:51,569 - Loaded System Directive: org.apache.velocity.runtime.directive.Parse
2015-03-18 14:10:51,570 - Loaded System Directive: org.apache.velocity.runtime.directive.Include
2015-03-18 14:10:51,571 - Loaded System Directive: org.apache.velocity.runtime.directive.Foreach
2015-03-18 14:10:51,599 - Created '20' parsers.
2015-03-18 14:10:51,604 - Velocimacro : "velocimacro.library" is not set.  Trying default library: VM_global_library.vm
2015-03-18 14:10:51,604 - Could not load resource 'VM_global_library.vm' from ResourceLoader org.apache.velocity.runtime.resource.loader.ClasspathResourceLoader: ClasspathResourceLoader Error: cannot find resource VM_global_library.vm
2015-03-18 14:10:51,604 - Velocimacro : Default library not found.
2015-03-18 14:10:51,604 - Velocimacro : allowInline = true : VMs can be defined inline in templates
2015-03-18 14:10:51,604 - Velocimacro : allowInlineToOverride = false : VMs defined inline may NOT replace previous VM definitions
2015-03-18 14:10:51,604 - Velocimacro : allowInlineLocal = false : VMs defined inline will be global in scope if allowed.
2015-03-18 14:10:51,604 - Velocimacro : autoload off : VM system will not automatically reload global library macros
2015-03-18 14:10:51,638 - ResourceManager : found velocity/order.vm with loader org.apache.velocity.runtime.resource.loader.ClasspathResourceLoader
2015-03-18 14:13:14,108 - Log4JLogChute initialized using file 'velocity.log'
2015-03-18 14:13:14,109 - Initializing Velocity, Calling init()...
2015-03-18 14:13:14,109 - Starting Apache Velocity v1.7 (compiled: 2010-11-19 12:14:37)
2015-03-18 14:13:14,109 - Default Properties File: org\apache\velocity\runtime\defaults\velocity.properties
2015-03-18 14:13:14,109 - Trying to use logger class org.apache.velocity.runtime.log.AvalonLogChute
2015-03-18 14:13:14,109 - Target log system for org.apache.velocity.runtime.log.AvalonLogChute is not available (java.lang.NoClassDefFoundError: org/apache/log/format/Formatter).  Falling back to next log system...
2015-03-18 14:13:14,109 - Trying to use logger class org.apache.velocity.runtime.log.Log4JLogChute
2015-03-18 14:13:14,109 - Using logger class org.apache.velocity.runtime.log.Log4JLogChute
2015-03-18 14:13:14,111 - ResourceLoader instantiated: org.apache.velocity.runtime.resource.loader.ClasspathResourceLoader
2015-03-18 14:13:14,120 - ResourceCache: initialized (class org.apache.velocity.runtime.resource.ResourceCacheImpl) with class java.util.Collections$SynchronizedMap cache map.
2015-03-18 14:13:14,121 - Loaded System Directive: org.apache.velocity.runtime.directive.Stop
2015-03-18 14:13:14,122 - Loaded System Directive: org.apache.velocity.runtime.directive.Define
2015-03-18 14:13:14,123 - Loaded System Directive: org.apache.velocity.runtime.directive.Break
2015-03-18 14:13:14,123 - Loaded System Directive: org.apache.velocity.runtime.directive.Evaluate
2015-03-18 14:13:14,124 - Loaded System Directive: org.apache.velocity.runtime.directive.Literal
2015-03-18 14:13:14,125 - Loaded System Directive: org.apache.velocity.runtime.directive.Macro
2015-03-18 14:13:14,126 - Loaded System Directive: org.apache.velocity.runtime.directive.Parse
2015-03-18 14:13:14,127 - Loaded System Directive: org.apache.velocity.runtime.directive.Include
2015-03-18 14:13:14,128 - Loaded System Directive: org.apache.velocity.runtime.directive.Foreach
2015-03-18 14:13:14,149 - Created '20' parsers.
2015-03-18 14:13:14,155 - Velocimacro : "velocimacro.library" is not set.  Trying default library: VM_global_library.vm
2015-03-18 14:13:14,155 - Could not load resource 'VM_global_library.vm' from ResourceLoader org.apache.velocity.runtime.resource.loader.ClasspathResourceLoader: ClasspathResourceLoader Error: cannot find resource VM_global_library.vm
2015-03-18 14:13:14,155 - Velocimacro : Default library not found.
2015-03-18 14:13:14,155 - Velocimacro : allowInline = true : VMs can be defined inline in templates
2015-03-18 14:13:14,155 - Velocimacro : allowInlineToOverride = false : VMs defined inline may NOT replace previous VM definitions
2015-03-18 14:13:14,155 - Velocimacro : allowInlineLocal = false : VMs defined inline will be global in scope if allowed.
2015-03-18 14:13:14,155 - Velocimacro : autoload off : VM system will not automatically reload global library macros
2015-03-18 14:13:14,192 - ResourceManager : found velocity/order.vm with loader org.apache.velocity.runtime.resource.loader.ClasspathResourceLoader
2015-03-18 15:53:14,285 - Log4JLogChute initialized using file 'velocity.log'
2015-03-18 15:53:14,286 - Initializing Velocity, Calling init()...
2015-03-18 15:53:14,286 - Starting Apache Velocity v1.7 (compiled: 2010-11-19 12:14:37)
2015-03-18 15:53:14,286 - Default Properties File: org\apache\velocity\runtime\defaults\velocity.properties
2015-03-18 15:53:14,286 - Trying to use logger class org.apache.velocity.runtime.log.AvalonLogChute
2015-03-18 15:53:14,286 - Target log system for org.apache.velocity.runtime.log.AvalonLogChute is not available (java.lang.NoClassDefFoundError: org/apache/log/format/Formatter).  Falling back to next log system...
2015-03-18 15:53:14,286 - Trying to use logger class org.apache.velocity.runtime.log.Log4JLogChute
2015-03-18 15:53:14,286 - Using logger class org.apache.velocity.runtime.log.Log4JLogChute
2015-03-18 15:53:14,288 - ResourceLoader instantiated: org.apache.velocity.runtime.resource.loader.ClasspathResourceLoader
2015-03-18 15:53:14,297 - ResourceCache: initialized (class org.apache.velocity.runtime.resource.ResourceCacheImpl) with class java.util.Collections$SynchronizedMap cache map.
2015-03-18 15:53:14,298 - Loaded System Directive: org.apache.velocity.runtime.directive.Stop
2015-03-18 15:53:14,299 - Loaded System Directive: org.apache.velocity.runtime.directive.Define
2015-03-18 15:53:14,300 - Loaded System Directive: org.apache.velocity.runtime.directive.Break
2015-03-18 15:53:14,300 - Loaded System Directive: org.apache.velocity.runtime.directive.Evaluate
2015-03-18 15:53:14,301 - Loaded System Directive: org.apache.velocity.runtime.directive.Literal
2015-03-18 15:53:14,302 - Loaded System Directive: org.apache.velocity.runtime.directive.Macro
2015-03-18 15:53:14,302 - Loaded System Directive: org.apache.velocity.runtime.directive.Parse
2015-03-18 15:53:14,303 - Loaded System Directive: org.apache.velocity.runtime.directive.Include
2015-03-18 15:53:14,304 - Loaded System Directive: org.apache.velocity.runtime.directive.Foreach
2015-03-18 15:53:14,326 - Created '20' parsers.
2015-03-18 15:53:14,331 - Velocimacro : "velocimacro.library" is not set.  Trying default library: VM_global_library.vm
2015-03-18 15:53:14,332 - Could not load resource 'VM_global_library.vm' from ResourceLoader org.apache.velocity.runtime.resource.loader.ClasspathResourceLoader: ClasspathResourceLoader Error: cannot find resource VM_global_library.vm
2015-03-18 15:53:14,332 - Velocimacro : Default library not found.
2015-03-18 15:53:14,332 - Velocimacro : allowInline = true : VMs can be defined inline in templates
2015-03-18 15:53:14,332 - Velocimacro : allowInlineToOverride = false : VMs defined inline may NOT replace previous VM definitions
2015-03-18 15:53:14,332 - Velocimacro : allowInlineLocal = false : VMs defined inline will be global in scope if allowed.
2015-03-18 15:53:14,332 - Velocimacro : autoload off : VM system will not automatically reload global library macros
2015-03-18 15:53:14,348 - ResourceManager : found velocity/order.vm with loader org.apache.velocity.runtime.resource.loader.ClasspathResourceLoader
2015-03-18 16:08:16,773 - Log4JLogChute initialized using file 'velocity.log'
2015-03-18 16:08:16,774 - Initializing Velocity, Calling init()...
2015-03-18 16:08:16,774 - Starting Apache Velocity v1.7 (compiled: 2010-11-19 12:14:37)
2015-03-18 16:08:16,774 - Default Properties File: org\apache\velocity\runtime\defaults\velocity.properties
2015-03-18 16:08:16,774 - Trying to use logger class org.apache.velocity.runtime.log.AvalonLogChute
2015-03-18 16:08:16,774 - Target log system for org.apache.velocity.runtime.log.AvalonLogChute is not available (java.lang.NoClassDefFoundError: org/apache/log/format/Formatter).  Falling back to next log system...
2015-03-18 16:08:16,774 - Trying to use logger class org.apache.velocity.runtime.log.Log4JLogChute
2015-03-18 16:08:16,774 - Using logger class org.apache.velocity.runtime.log.Log4JLogChute
2015-03-18 16:08:16,776 - ResourceLoader instantiated: org.apache.velocity.runtime.resource.loader.ClasspathResourceLoader
2015-03-18 16:08:16,787 - ResourceCache: initialized (class org.apache.velocity.runtime.resource.ResourceCacheImpl) with class java.util.Collections$SynchronizedMap cache map.
2015-03-18 16:08:16,788 - Loaded System Directive: org.apache.velocity.runtime.directive.Stop
2015-03-18 16:08:16,789 - Loaded System Directive: org.apache.velocity.runtime.directive.Define
2015-03-18 16:08:16,790 - Loaded System Directive: org.apache.velocity.runtime.directive.Break
2015-03-18 16:08:16,790 - Loaded System Directive: org.apache.velocity.runtime.directive.Evaluate
2015-03-18 16:08:16,791 - Loaded System Directive: org.apache.velocity.runtime.directive.Literal
2015-03-18 16:08:16,792 - Loaded System Directive: org.apache.velocity.runtime.directive.Macro
2015-03-18 16:08:16,793 - Loaded System Directive: org.apache.velocity.runtime.directive.Parse
2015-03-18 16:08:16,794 - Loaded System Directive: org.apache.velocity.runtime.directive.Include
2015-03-18 16:08:16,794 - Loaded System Directive: org.apache.velocity.runtime.directive.Foreach
2015-03-18 16:08:16,817 - Created '20' parsers.
2015-03-18 16:08:16,823 - Velocimacro : "velocimacro.library" is not set.  Trying default library: VM_global_library.vm
2015-03-18 16:08:16,824 - Could not load resource 'VM_global_library.vm' from ResourceLoader org.apache.velocity.runtime.resource.loader.ClasspathResourceLoader: ClasspathResourceLoader Error: cannot find resource VM_global_library.vm
2015-03-18 16:08:16,824 - Velocimacro : Default library not found.
2015-03-18 16:08:16,824 - Velocimacro : allowInline = true : VMs can be defined inline in templates
2015-03-18 16:08:16,824 - Velocimacro : allowInlineToOverride = false : VMs defined inline may NOT replace previous VM definitions
2015-03-18 16:08:16,824 - Velocimacro : allowInlineLocal = false : VMs defined inline will be global in scope if allowed.
2015-03-18 16:08:16,824 - Velocimacro : autoload off : VM system will not automatically reload global library macros
2015-03-18 16:08:16,864 - ResourceManager : found velocity/order.vm with loader org.apache.velocity.runtime.resource.loader.ClasspathResourceLoader
2015-03-18 16:09:10,597 - Log4JLogChute initialized using file 'velocity.log'
2015-03-18 16:09:10,597 - Initializing Velocity, Calling init()...
2015-03-18 16:09:10,597 - Starting Apache Velocity v1.7 (compiled: 2010-11-19 12:14:37)
2015-03-18 16:09:10,597 - Default Properties File: org\apache\velocity\runtime\defaults\velocity.properties
2015-03-18 16:09:10,598 - Trying to use logger class org.apache.velocity.runtime.log.AvalonLogChute
2015-03-18 16:09:10,598 - Target log system for org.apache.velocity.runtime.log.AvalonLogChute is not available (java.lang.NoClassDefFoundError: org/apache/log/format/Formatter).  Falling back to next log system...
2015-03-18 16:09:10,598 - Trying to use logger class org.apache.velocity.runtime.log.Log4JLogChute
2015-03-18 16:09:10,598 - Using logger class org.apache.velocity.runtime.log.Log4JLogChute
2015-03-18 16:09:10,600 - ResourceLoader instantiated: org.apache.velocity.runtime.resource.loader.ClasspathResourceLoader
2015-03-18 16:09:10,609 - ResourceCache: initialized (class org.apache.velocity.runtime.resource.ResourceCacheImpl) with class java.util.Collections$SynchronizedMap cache map.
2015-03-18 16:09:10,611 - Loaded System Directive: org.apache.velocity.runtime.directive.Stop
2015-03-18 16:09:10,612 - Loaded System Directive: org.apache.velocity.runtime.directive.Define
2015-03-18 16:09:10,612 - Loaded System Directive: org.apache.velocity.runtime.directive.Break
2015-03-18 16:09:10,613 - Loaded System Directive: org.apache.velocity.runtime.directive.Evaluate
2015-03-18 16:09:10,613 - Loaded System Directive: org.apache.velocity.runtime.directive.Literal
2015-03-18 16:09:10,614 - Loaded System Directive: org.apache.velocity.runtime.directive.Macro
2015-03-18 16:09:10,615 - Loaded System Directive: org.apache.velocity.runtime.directive.Parse
2015-03-18 16:09:10,616 - Loaded System Directive: org.apache.velocity.runtime.directive.Include
2015-03-18 16:09:10,617 - Loaded System Directive: org.apache.velocity.runtime.directive.Foreach
2015-03-18 16:09:10,640 - Created '20' parsers.
2015-03-18 16:09:10,646 - Velocimacro : "velocimacro.library" is not set.  Trying default library: VM_global_library.vm
2015-03-18 16:09:10,646 - Could not load resource 'VM_global_library.vm' from ResourceLoader org.apache.velocity.runtime.resource.loader.ClasspathResourceLoader: ClasspathResourceLoader Error: cannot find resource VM_global_library.vm
2015-03-18 16:09:10,646 - Velocimacro : Default library not found.
2015-03-18 16:09:10,646 - Velocimacro : allowInline = true : VMs can be defined inline in templates
2015-03-18 16:09:10,646 - Velocimacro : allowInlineToOverride = false : VMs defined inline may NOT replace previous VM definitions
2015-03-18 16:09:10,646 - Velocimacro : allowInlineLocal = false : VMs defined inline will be global in scope if allowed.
2015-03-18 16:09:10,647 - Velocimacro : autoload off : VM system will not automatically reload global library macros
2015-03-18 16:09:10,685 - ResourceManager : found velocity/order.vm with loader org.apache.velocity.runtime.resource.loader.ClasspathResourceLoader
2015-03-18 16:09:36,991 - Log4JLogChute initialized using file 'velocity.log'
2015-03-18 16:09:36,992 - Initializing Velocity, Calling init()...
2015-03-18 16:09:36,992 - Starting Apache Velocity v1.7 (compiled: 2010-11-19 12:14:37)
2015-03-18 16:09:36,992 - Default Properties File: org\apache\velocity\runtime\defaults\velocity.properties
2015-03-18 16:09:36,992 - Trying to use logger class org.apache.velocity.runtime.log.AvalonLogChute
2015-03-18 16:09:36,992 - Target log system for org.apache.velocity.runtime.log.AvalonLogChute is not available (java.lang.NoClassDefFoundError: org/apache/log/format/Formatter).  Falling back to next log system...
2015-03-18 16:09:36,992 - Trying to use logger class org.apache.velocity.runtime.log.Log4JLogChute
2015-03-18 16:09:36,992 - Using logger class org.apache.velocity.runtime.log.Log4JLogChute
2015-03-18 16:09:36,994 - ResourceLoader instantiated: org.apache.velocity.runtime.resource.loader.ClasspathResourceLoader
2015-03-18 16:09:37,003 - ResourceCache: initialized (class org.apache.velocity.runtime.resource.ResourceCacheImpl) with class java.util.Collections$SynchronizedMap cache map.
2015-03-18 16:09:37,005 - Loaded System Directive: org.apache.velocity.runtime.directive.Stop
2015-03-18 16:09:37,006 - Loaded System Directive: org.apache.velocity.runtime.directive.Define
2015-03-18 16:09:37,006 - Loaded System Directive: org.apache.velocity.runtime.directive.Break
2015-03-18 16:09:37,007 - Loaded System Directive: org.apache.velocity.runtime.directive.Evaluate
2015-03-18 16:09:37,008 - Loaded System Directive: org.apache.velocity.runtime.directive.Literal
2015-03-18 16:09:37,008 - Loaded System Directive: org.apache.velocity.runtime.directive.Macro
2015-03-18 16:09:37,009 - Loaded System Directive: org.apache.velocity.runtime.directive.Parse
2015-03-18 16:09:37,011 - Loaded System Directive: org.apache.velocity.runtime.directive.Include
2015-03-18 16:09:37,011 - Loaded System Directive: org.apache.velocity.runtime.directive.Foreach
2015-03-18 16:09:37,034 - Created '20' parsers.
2015-03-18 16:09:37,040 - Velocimacro : "velocimacro.library" is not set.  Trying default library: VM_global_library.vm
2015-03-18 16:09:37,040 - Could not load resource 'VM_global_library.vm' from ResourceLoader org.apache.velocity.runtime.resource.loader.ClasspathResourceLoader: ClasspathResourceLoader Error: cannot find resource VM_global_library.vm
2015-03-18 16:09:37,040 - Velocimacro : Default library not found.
2015-03-18 16:09:37,040 - Velocimacro : allowInline = true : VMs can be defined inline in templates
2015-03-18 16:09:37,040 - Velocimacro : allowInlineToOverride = false : VMs defined inline may NOT replace previous VM definitions
2015-03-18 16:09:37,041 - Velocimacro : allowInlineLocal = false : VMs defined inline will be global in scope if allowed.
2015-03-18 16:09:37,041 - Velocimacro : autoload off : VM system will not automatically reload global library macros
2015-03-18 16:09:37,079 - ResourceManager : found velocity/order.vm with loader org.apache.velocity.runtime.resource.loader.ClasspathResourceLoader
2015-03-19 17:09:15,401 - Log4JLogChute initialized using file 'velocity.log'
2015-03-19 17:09:15,409 - Initializing Velocity, Calling init()...
2015-03-19 17:09:15,409 - Starting Apache Velocity v1.7 (compiled: 2010-11-19 12:14:37)
2015-03-19 17:09:15,409 - Default Properties File: org\apache\velocity\runtime\defaults\velocity.properties
2015-03-19 17:09:15,409 - Trying to use logger class org.apache.velocity.runtime.log.AvalonLogChute
2015-03-19 17:09:15,409 - Target log system for org.apache.velocity.runtime.log.AvalonLogChute is not available (java.lang.NoClassDefFoundError: org/apache/log/format/Formatter).  Falling back to next log system...
2015-03-19 17:09:15,409 - Trying to use logger class org.apache.velocity.runtime.log.Log4JLogChute
2015-03-19 17:09:15,409 - Using logger class org.apache.velocity.runtime.log.Log4JLogChute
2015-03-19 17:09:15,411 - ResourceLoader instantiated: org.apache.velocity.runtime.resource.loader.ClasspathResourceLoader
2015-03-19 17:09:15,419 - ResourceCache: initialized (class org.apache.velocity.runtime.resource.ResourceCacheImpl) with class java.util.Collections$SynchronizedMap cache map.
2015-03-19 17:09:15,420 - Loaded System Directive: org.apache.velocity.runtime.directive.Stop
2015-03-19 17:09:15,421 - Loaded System Directive: org.apache.velocity.runtime.directive.Define
2015-03-19 17:09:15,422 - Loaded System Directive: org.apache.velocity.runtime.directive.Break
2015-03-19 17:09:15,422 - Loaded System Directive: org.apache.velocity.runtime.directive.Evaluate
2015-03-19 17:09:15,423 - Loaded System Directive: org.apache.velocity.runtime.directive.Literal
2015-03-19 17:09:15,424 - Loaded System Directive: org.apache.velocity.runtime.directive.Macro
2015-03-19 17:09:15,425 - Loaded System Directive: org.apache.velocity.runtime.directive.Parse
2015-03-19 17:09:15,425 - Loaded System Directive: org.apache.velocity.runtime.directive.Include
2015-03-19 17:09:15,426 - Loaded System Directive: org.apache.velocity.runtime.directive.Foreach
2015-03-19 17:09:15,447 - Created '20' parsers.
2015-03-19 17:09:15,452 - Velocimacro : "velocimacro.library" is not set.  Trying default library: VM_global_library.vm
2015-03-19 17:09:15,452 - Could not load resource 'VM_global_library.vm' from ResourceLoader org.apache.velocity.runtime.resource.loader.ClasspathResourceLoader: ClasspathResourceLoader Error: cannot find resource VM_global_library.vm
2015-03-19 17:09:15,452 - Velocimacro : Default library not found.
2015-03-19 17:09:15,452 - Velocimacro : allowInline = true : VMs can be defined inline in templates
2015-03-19 17:09:15,452 - Velocimacro : allowInlineToOverride = false : VMs defined inline may NOT replace previous VM definitions
2015-03-19 17:09:15,453 - Velocimacro : allowInlineLocal = false : VMs defined inline will be global in scope if allowed.
2015-03-19 17:09:15,453 - Velocimacro : autoload off : VM system will not automatically reload global library macros
2015-03-19 17:09:15,478 - ResourceManager : found velocity/order.vm with loader org.apache.velocity.runtime.resource.loader.ClasspathResourceLoader
2015-03-19 17:09:27,179 - Log4JLogChute initialized using file 'velocity.log'
2015-03-19 17:09:27,179 - Initializing Velocity, Calling init()...
2015-03-19 17:09:27,179 - Starting Apache Velocity v1.7 (compiled: 2010-11-19 12:14:37)
2015-03-19 17:09:27,179 - Default Properties File: org\apache\velocity\runtime\defaults\velocity.properties
2015-03-19 17:09:27,179 - Trying to use logger class org.apache.velocity.runtime.log.AvalonLogChute
2015-03-19 17:09:27,179 - Target log system for org.apache.velocity.runtime.log.AvalonLogChute is not available (java.lang.NoClassDefFoundError: org/apache/log/format/Formatter).  Falling back to next log system...
2015-03-19 17:09:27,179 - Trying to use logger class org.apache.velocity.runtime.log.Log4JLogChute
2015-03-19 17:09:27,179 - Using logger class org.apache.velocity.runtime.log.Log4JLogChute
2015-03-19 17:09:27,181 - ResourceLoader instantiated: org.apache.velocity.runtime.resource.loader.ClasspathResourceLoader
2015-03-19 17:09:27,190 - ResourceCache: initialized (class org.apache.velocity.runtime.resource.ResourceCacheImpl) with class java.util.Collections$SynchronizedMap cache map.
2015-03-19 17:09:27,191 - Loaded System Directive: org.apache.velocity.runtime.directive.Stop
2015-03-19 17:09:27,192 - Loaded System Directive: org.apache.velocity.runtime.directive.Define
2015-03-19 17:09:27,193 - Loaded System Directive: org.apache.velocity.runtime.directive.Break
2015-03-19 17:09:27,193 - Loaded System Directive: org.apache.velocity.runtime.directive.Evaluate
2015-03-19 17:09:27,194 - Loaded System Directive: org.apache.velocity.runtime.directive.Literal
2015-03-19 17:09:27,195 - Loaded System Directive: org.apache.velocity.runtime.directive.Macro
2015-03-19 17:09:27,195 - Loaded System Directive: org.apache.velocity.runtime.directive.Parse
2015-03-19 17:09:27,196 - Loaded System Directive: org.apache.velocity.runtime.directive.Include
2015-03-19 17:09:27,197 - Loaded System Directive: org.apache.velocity.runtime.directive.Foreach
2015-03-19 17:09:27,218 - Created '20' parsers.
2015-03-19 17:09:27,223 - Velocimacro : "velocimacro.library" is not set.  Trying default library: VM_global_library.vm
2015-03-19 17:09:27,224 - Could not load resource 'VM_global_library.vm' from ResourceLoader org.apache.velocity.runtime.resource.loader.ClasspathResourceLoader: ClasspathResourceLoader Error: cannot find resource VM_global_library.vm
2015-03-19 17:09:27,224 - Velocimacro : Default library not found.
2015-03-19 17:09:27,224 - Velocimacro : allowInline = true : VMs can be defined inline in templates
2015-03-19 17:09:27,224 - Velocimacro : allowInlineToOverride = false : VMs defined inline may NOT replace previous VM definitions
2015-03-19 17:09:27,224 - Velocimacro : allowInlineLocal = false : VMs defined inline will be global in scope if allowed.
2015-03-19 17:09:27,224 - Velocimacro : autoload off : VM system will not automatically reload global library macros
2015-03-19 17:09:27,239 - ResourceManager : found velocity/order.vm with loader org.apache.velocity.runtime.resource.loader.ClasspathResourceLoader
2015-03-19 17:13:06,615 - Log4JLogChute initialized using file 'velocity.log'
2015-03-19 17:13:06,615 - Initializing Velocity, Calling init()...
2015-03-19 17:13:06,615 - Starting Apache Velocity v1.7 (compiled: 2010-11-19 12:14:37)
2015-03-19 17:13:06,616 - Default Properties File: org\apache\velocity\runtime\defaults\velocity.properties
2015-03-19 17:13:06,616 - Trying to use logger class org.apache.velocity.runtime.log.AvalonLogChute
2015-03-19 17:13:06,616 - Target log system for org.apache.velocity.runtime.log.AvalonLogChute is not available (java.lang.NoClassDefFoundError: org/apache/log/format/Formatter).  Falling back to next log system...
2015-03-19 17:13:06,616 - Trying to use logger class org.apache.velocity.runtime.log.Log4JLogChute
2015-03-19 17:13:06,616 - Using logger class org.apache.velocity.runtime.log.Log4JLogChute
2015-03-19 17:13:06,618 - ResourceLoader instantiated: org.apache.velocity.runtime.resource.loader.ClasspathResourceLoader
2015-03-19 17:13:06,626 - ResourceCache: initialized (class org.apache.velocity.runtime.resource.ResourceCacheImpl) with class java.util.Collections$SynchronizedMap cache map.
2015-03-19 17:13:06,627 - Loaded System Directive: org.apache.velocity.runtime.directive.Stop
2015-03-19 17:13:06,628 - Loaded System Directive: org.apache.velocity.runtime.directive.Define
2015-03-19 17:13:06,629 - Loaded System Directive: org.apache.velocity.runtime.directive.Break
2015-03-19 17:13:06,629 - Loaded System Directive: org.apache.velocity.runtime.directive.Evaluate
2015-03-19 17:13:06,630 - Loaded System Directive: org.apache.velocity.runtime.directive.Literal
2015-03-19 17:13:06,631 - Loaded System Directive: org.apache.velocity.runtime.directive.Macro
2015-03-19 17:13:06,631 - Loaded System Directive: org.apache.velocity.runtime.directive.Parse
2015-03-19 17:13:06,632 - Loaded System Directive: org.apache.velocity.runtime.directive.Include
2015-03-19 17:13:06,633 - Loaded System Directive: org.apache.velocity.runtime.directive.Foreach
2015-03-19 17:13:06,654 - Created '20' parsers.
2015-03-19 17:13:06,659 - Velocimacro : "velocimacro.library" is not set.  Trying default library: VM_global_library.vm
2015-03-19 17:13:06,659 - Could not load resource 'VM_global_library.vm' from ResourceLoader org.apache.velocity.runtime.resource.loader.ClasspathResourceLoader: ClasspathResourceLoader Error: cannot find resource VM_global_library.vm
2015-03-19 17:13:06,660 - Velocimacro : Default library not found.
2015-03-19 17:13:06,660 - Velocimacro : allowInline = true : VMs can be defined inline in templates
2015-03-19 17:13:06,660 - Velocimacro : allowInlineToOverride = false : VMs defined inline may NOT replace previous VM definitions
2015-03-19 17:13:06,660 - Velocimacro : allowInlineLocal = false : VMs defined inline will be global in scope if allowed.
2015-03-19 17:13:06,660 - Velocimacro : autoload off : VM system will not automatically reload global library macros
2015-03-19 17:13:06,675 - ResourceManager : found velocity/order.vm with loader org.apache.velocity.runtime.resource.loader.ClasspathResourceLoader
2015-03-19 17:13:57,463 - Log4JLogChute initialized using file 'velocity.log'
2015-03-19 17:13:57,463 - Initializing Velocity, Calling init()...
2015-03-19 17:13:57,463 - Starting Apache Velocity v1.7 (compiled: 2010-11-19 12:14:37)
2015-03-19 17:13:57,463 - Default Properties File: org\apache\velocity\runtime\defaults\velocity.properties
2015-03-19 17:13:57,463 - Trying to use logger class org.apache.velocity.runtime.log.AvalonLogChute
2015-03-19 17:13:57,463 - Target log system for org.apache.velocity.runtime.log.AvalonLogChute is not available (java.lang.NoClassDefFoundError: org/apache/log/format/Formatter).  Falling back to next log system...
2015-03-19 17:13:57,463 - Trying to use logger class org.apache.velocity.runtime.log.Log4JLogChute
2015-03-19 17:13:57,463 - Using logger class org.apache.velocity.runtime.log.Log4JLogChute
2015-03-19 17:13:57,466 - ResourceLoader instantiated: org.apache.velocity.runtime.resource.loader.ClasspathResourceLoader
2015-03-19 17:13:57,475 - ResourceCache: initialized (class org.apache.velocity.runtime.resource.ResourceCacheImpl) with class java.util.Collections$SynchronizedMap cache map.
2015-03-19 17:13:57,476 - Loaded System Directive: org.apache.velocity.runtime.directive.Stop
2015-03-19 17:13:57,477 - Loaded System Directive: org.apache.velocity.runtime.directive.Define
2015-03-19 17:13:57,477 - Loaded System Directive: org.apache.velocity.runtime.directive.Break
2015-03-19 17:13:57,478 - Loaded System Directive: org.apache.velocity.runtime.directive.Evaluate
2015-03-19 17:13:57,479 - Loaded System Directive: org.apache.velocity.runtime.directive.Literal
2015-03-19 17:13:57,479 - Loaded System Directive: org.apache.velocity.runtime.directive.Macro
2015-03-19 17:13:57,480 - Loaded System Directive: org.apache.velocity.runtime.directive.Parse
2015-03-19 17:13:57,481 - Loaded System Directive: org.apache.velocity.runtime.directive.Include
2015-03-19 17:13:57,482 - Loaded System Directive: org.apache.velocity.runtime.directive.Foreach
2015-03-19 17:13:57,504 - Created '20' parsers.
2015-03-19 17:13:57,509 - Velocimacro : "velocimacro.library" is not set.  Trying default library: VM_global_library.vm
2015-03-19 17:13:57,510 - Could not load resource 'VM_global_library.vm' from ResourceLoader org.apache.velocity.runtime.resource.loader.ClasspathResourceLoader: ClasspathResourceLoader Error: cannot find resource VM_global_library.vm
2015-03-19 17:13:57,510 - Velocimacro : Default library not found.
2015-03-19 17:13:57,510 - Velocimacro : allowInline = true : VMs can be defined inline in templates
2015-03-19 17:13:57,510 - Velocimacro : allowInlineToOverride = false : VMs defined inline may NOT replace previous VM definitions
2015-03-19 17:13:57,510 - Velocimacro : allowInlineLocal = false : VMs defined inline will be global in scope if allowed.
2015-03-19 17:13:57,510 - Velocimacro : autoload off : VM system will not automatically reload global library macros
2015-03-19 17:13:57,545 - ResourceManager : found velocity/order.vm with loader org.apache.velocity.runtime.resource.loader.ClasspathResourceLoader
2015-03-19 17:17:53,718 - Log4JLogChute initialized using file 'velocity.log'
2015-03-19 17:17:53,718 - Initializing Velocity, Calling init()...
2015-03-19 17:17:53,718 - Starting Apache Velocity v1.7 (compiled: 2010-11-19 12:14:37)
2015-03-19 17:17:53,718 - Default Properties File: org\apache\velocity\runtime\defaults\velocity.properties
2015-03-19 17:17:53,718 - Trying to use logger class org.apache.velocity.runtime.log.AvalonLogChute
2015-03-19 17:17:53,718 - Target log system for org.apache.velocity.runtime.log.AvalonLogChute is not available (java.lang.NoClassDefFoundError: org/apache/log/format/Formatter).  Falling back to next log system...
2015-03-19 17:17:53,718 - Trying to use logger class org.apache.velocity.runtime.log.Log4JLogChute
2015-03-19 17:17:53,718 - Using logger class org.apache.velocity.runtime.log.Log4JLogChute
2015-03-19 17:17:53,721 - ResourceLoader instantiated: org.apache.velocity.runtime.resource.loader.ClasspathResourceLoader
2015-03-19 17:17:53,730 - ResourceCache: initialized (class org.apache.velocity.runtime.resource.ResourceCacheImpl) with class java.util.Collections$SynchronizedMap cache map.
2015-03-19 17:17:53,732 - Loaded System Directive: org.apache.velocity.runtime.directive.Stop
2015-03-19 17:17:53,732 - Loaded System Directive: org.apache.velocity.runtime.directive.Define
2015-03-19 17:17:53,733 - Loaded System Directive: org.apache.velocity.runtime.directive.Break
2015-03-19 17:17:53,734 - Loaded System Directive: org.apache.velocity.runtime.directive.Evaluate
2015-03-19 17:17:53,734 - Loaded System Directive: org.apache.velocity.runtime.directive.Literal
2015-03-19 17:17:53,735 - Loaded System Directive: org.apache.velocity.runtime.directive.Macro
2015-03-19 17:17:53,736 - Loaded System Directive: org.apache.velocity.runtime.directive.Parse
2015-03-19 17:17:53,737 - Loaded System Directive: org.apache.velocity.runtime.directive.Include
2015-03-19 17:17:53,738 - Loaded System Directive: org.apache.velocity.runtime.directive.Foreach
2015-03-19 17:17:53,759 - Created '20' parsers.
2015-03-19 17:17:53,765 - Velocimacro : "velocimacro.library" is not set.  Trying default library: VM_global_library.vm
2015-03-19 17:17:53,765 - Could not load resource 'VM_global_library.vm' from ResourceLoader org.apache.velocity.runtime.resource.loader.ClasspathResourceLoader: ClasspathResourceLoader Error: cannot find resource VM_global_library.vm
2015-03-19 17:17:53,765 - Velocimacro : Default library not found.
2015-03-19 17:17:53,765 - Velocimacro : allowInline = true : VMs can be defined inline in templates
2015-03-19 17:17:53,765 - Velocimacro : allowInlineToOverride = false : VMs defined inline may NOT replace previous VM definitions
2015-03-19 17:17:53,766 - Velocimacro : allowInlineLocal = false : VMs defined inline will be global in scope if allowed.
2015-03-19 17:17:53,766 - Velocimacro : autoload off : VM system will not automatically reload global library macros
2015-03-19 17:17:53,800 - ResourceManager : found velocity/order.vm with loader org.apache.velocity.runtime.resource.loader.ClasspathResourceLoader
2015-03-19 17:19:21,296 - Log4JLogChute initialized using file 'velocity.log'
2015-03-19 17:19:21,296 - Initializing Velocity, Calling init()...
2015-03-19 17:19:21,297 - Starting Apache Velocity v1.7 (compiled: 2010-11-19 12:14:37)
2015-03-19 17:19:21,297 - Default Properties File: org\apache\velocity\runtime\defaults\velocity.properties
2015-03-19 17:19:21,297 - Trying to use logger class org.apache.velocity.runtime.log.AvalonLogChute
2015-03-19 17:19:21,297 - Target log system for org.apache.velocity.runtime.log.AvalonLogChute is not available (java.lang.NoClassDefFoundError: org/apache/log/format/Formatter).  Falling back to next log system...
2015-03-19 17:19:21,297 - Trying to use logger class org.apache.velocity.runtime.log.Log4JLogChute
2015-03-19 17:19:21,297 - Using logger class org.apache.velocity.runtime.log.Log4JLogChute
2015-03-19 17:19:21,299 - ResourceLoader instantiated: org.apache.velocity.runtime.resource.loader.ClasspathResourceLoader
2015-03-19 17:19:21,308 - ResourceCache: initialized (class org.apache.velocity.runtime.resource.ResourceCacheImpl) with class java.util.Collections$SynchronizedMap cache map.
2015-03-19 17:19:21,309 - Loaded System Directive: org.apache.velocity.runtime.directive.Stop
2015-03-19 17:19:21,310 - Loaded System Directive: org.apache.velocity.runtime.directive.Define
2015-03-19 17:19:21,311 - Loaded System Directive: org.apache.velocity.runtime.directive.Break
2015-03-19 17:19:21,311 - Loaded System Directive: org.apache.velocity.runtime.directive.Evaluate
2015-03-19 17:19:21,312 - Loaded System Directive: org.apache.velocity.runtime.directive.Literal
2015-03-19 17:19:21,313 - Loaded System Directive: org.apache.velocity.runtime.directive.Macro
2015-03-19 17:19:21,314 - Loaded System Directive: org.apache.velocity.runtime.directive.Parse
2015-03-19 17:19:21,315 - Loaded System Directive: org.apache.velocity.runtime.directive.Include
2015-03-19 17:19:21,315 - Loaded System Directive: org.apache.velocity.runtime.directive.Foreach
2015-03-19 17:19:21,337 - Created '20' parsers.
2015-03-19 17:19:21,343 - Velocimacro : "velocimacro.library" is not set.  Trying default library: VM_global_library.vm
2015-03-19 17:19:21,343 - Could not load resource 'VM_global_library.vm' from ResourceLoader org.apache.velocity.runtime.resource.loader.ClasspathResourceLoader: ClasspathResourceLoader Error: cannot find resource VM_global_library.vm
2015-03-19 17:19:21,343 - Velocimacro : Default library not found.
2015-03-19 17:19:21,343 - Velocimacro : allowInline = true : VMs can be defined inline in templates
2015-03-19 17:19:21,343 - Velocimacro : allowInlineToOverride = false : VMs defined inline may NOT replace previous VM definitions
2015-03-19 17:19:21,343 - Velocimacro : allowInlineLocal = false : VMs defined inline will be global in scope if allowed.
2015-03-19 17:19:21,343 - Velocimacro : autoload off : VM system will not automatically reload global library macros
2015-03-19 17:19:21,375 - ResourceManager : found velocity/order.vm with loader org.apache.velocity.runtime.resource.loader.ClasspathResourceLoader
2015-03-19 17:19:41,169 - Log4JLogChute initialized using file 'velocity.log'
2015-03-19 17:19:41,170 - Initializing Velocity, Calling init()...
2015-03-19 17:19:41,170 - Starting Apache Velocity v1.7 (compiled: 2010-11-19 12:14:37)
2015-03-19 17:19:41,170 - Default Properties File: org\apache\velocity\runtime\defaults\velocity.properties
2015-03-19 17:19:41,170 - Trying to use logger class org.apache.velocity.runtime.log.AvalonLogChute
2015-03-19 17:19:41,170 - Target log system for org.apache.velocity.runtime.log.AvalonLogChute is not available (java.lang.NoClassDefFoundError: org/apache/log/format/Formatter).  Falling back to next log system...
2015-03-19 17:19:41,170 - Trying to use logger class org.apache.velocity.runtime.log.Log4JLogChute
2015-03-19 17:19:41,170 - Using logger class org.apache.velocity.runtime.log.Log4JLogChute
2015-03-19 17:19:41,172 - ResourceLoader instantiated: org.apache.velocity.runtime.resource.loader.ClasspathResourceLoader
2015-03-19 17:19:41,181 - ResourceCache: initialized (class org.apache.velocity.runtime.resource.ResourceCacheImpl) with class java.util.Collections$SynchronizedMap cache map.
2015-03-19 17:19:41,183 - Loaded System Directive: org.apache.velocity.runtime.directive.Stop
2015-03-19 17:19:41,184 - Loaded System Directive: org.apache.velocity.runtime.directive.Define
2015-03-19 17:19:41,184 - Loaded System Directive: org.apache.velocity.runtime.directive.Break
2015-03-19 17:19:41,185 - Loaded System Directive: org.apache.velocity.runtime.directive.Evaluate
2015-03-19 17:19:41,185 - Loaded System Directive: org.apache.velocity.runtime.directive.Literal
2015-03-19 17:19:41,186 - Loaded System Directive: org.apache.velocity.runtime.directive.Macro
2015-03-19 17:19:41,187 - Loaded System Directive: org.apache.velocity.runtime.directive.Parse
2015-03-19 17:19:41,188 - Loaded System Directive: org.apache.velocity.runtime.directive.Include
2015-03-19 17:19:41,189 - Loaded System Directive: org.apache.velocity.runtime.directive.Foreach
2015-03-19 17:19:41,210 - Created '20' parsers.
2015-03-19 17:19:41,215 - Velocimacro : "velocimacro.library" is not set.  Trying default library: VM_global_library.vm
2015-03-19 17:19:41,216 - Could not load resource 'VM_global_library.vm' from ResourceLoader org.apache.velocity.runtime.resource.loader.ClasspathResourceLoader: ClasspathResourceLoader Error: cannot find resource VM_global_library.vm
2015-03-19 17:19:41,216 - Velocimacro : Default library not found.
2015-03-19 17:19:41,216 - Velocimacro : allowInline = true : VMs can be defined inline in templates
2015-03-19 17:19:41,216 - Velocimacro : allowInlineToOverride = false : VMs defined inline may NOT replace previous VM definitions
2015-03-19 17:19:41,216 - Velocimacro : allowInlineLocal = false : VMs defined inline will be global in scope if allowed.
2015-03-19 17:19:41,216 - Velocimacro : autoload off : VM system will not automatically reload global library macros
2015-03-19 17:19:41,247 - ResourceManager : found velocity/order.vm with loader org.apache.velocity.runtime.resource.loader.ClasspathResourceLoader
